----------------------------------------
Exception occurred during processing of request from ('127.0.0.1', 60332)
Traceback (most recent call last):
  File "C:\Users\dgogela\AppData\Local\Programs\Python\Python313\Lib\socketserver.py", line 697, in process_request_thread
    self.finish_request(request, client_address)
    ~~~~~~~~~~~~~~~~~~~^^^^^^^^^^^^^^^^^^^^^^^^^
  File "C:\Users\dgogela\AppData\Local\Programs\Python\Python313\Lib\socketserver.py", line 362, in finish_request
    self.RequestHandlerClass(request, client_address, self)
    ~~~~~~~~~~~~~~~~~~~~~~~~^^^^^^^^^^^^^^^^^^^^^^^^^^^^^^^
  File "C:\Users\dgogela\AppData\Local\Programs\Python\Python313\Lib\http\server.py", line 672, in __init__
    super().__init__(*args, **kwargs)
    ~~~~~~~~~~~~~~~~^^^^^^^^^^^^^^^^^
  File "C:\Users\dgogela\AppData\Local\Programs\Python\Python313\Lib\socketserver.py", line 766, in __init__
    self.handle()
    ~~~~~~~~~~~^^
  File "C:\Users\dgogela\AppData\Local\Programs\Python\Python313\Lib\http\server.py", line 436, in handle
    self.handle_one_request()
    ~~~~~~~~~~~~~~~~~~~~~~~^^
  File "C:\Users\dgogela\AppData\Local\Programs\Python\Python313\Lib\http\server.py", line 424, in handle_one_request
    method()
    ~~~~~~^^
  File "C:\Users\dgogela\AppData\Local\Programs\Python\Python313\Lib\http\server.py", line 679, in do_GET
    self.copyfile(f, self.wfile)
    ~~~~~~~~~~~~~^^^^^^^^^^^^^^^
  File "C:\Users\dgogela\AppData\Local\Programs\Python\Python313\Lib\http\server.py", line 878, in copyfile
    shutil.copyfileobj(source, outputfile)
    ~~~~~~~~~~~~~~~~~~^^^^^^^^^^^^^^^^^^^^
  File "C:\Users\dgogela\AppData\Local\Programs\Python\Python313\Lib\shutil.py", line 204, in copyfileobj
    fdst_write(buf)
    ~~~~~~~~~~^^^^^
  File "C:\Users\dgogela\AppData\Local\Programs\Python\Python313\Lib\socketserver.py", line 845, in write
    self._sock.sendall(b)
    ~~~~~~~~~~~~~~~~~~^^^
ConnectionResetError: [WinError 10054] Stávající připojení bylo vynuceně ukončeno vzdáleným hostitelem
----------------------------------------
----------------------------------------
Exception occurred during processing of request from ('127.0.0.1', 61128)
Traceback (most recent call last):
  File "C:\Users\dgogela\AppData\Local\Programs\Python\Python313\Lib\socketserver.py", line 697, in process_request_thread
    self.finish_request(request, client_address)
    ~~~~~~~~~~~~~~~~~~~^^^^^^^^^^^^^^^^^^^^^^^^^
  File "C:\Users\dgogela\AppData\Local\Programs\Python\Python313\Lib\socketserver.py", line 362, in finish_request
    self.RequestHandlerClass(request, client_address, self)
    ~~~~~~~~~~~~~~~~~~~~~~~~^^^^^^^^^^^^^^^^^^^^^^^^^^^^^^^
  File "C:\Users\dgogela\AppData\Local\Programs\Python\Python313\Lib\http\server.py", line 672, in __init__
    super().__init__(*args, **kwargs)
    ~~~~~~~~~~~~~~~~^^^^^^^^^^^^^^^^^
  File "C:\Users\dgogela\AppData\Local\Programs\Python\Python313\Lib\socketserver.py", line 766, in __init__
    self.handle()
    ~~~~~~~~~~~^^
  File "C:\Users\dgogela\AppData\Local\Programs\Python\Python313\Lib\http\server.py", line 436, in handle
    self.handle_one_request()
    ~~~~~~~~~~~~~~~~~~~~~~~^^
  File "C:\Users\dgogela\AppData\Local\Programs\Python\Python313\Lib\http\server.py", line 424, in handle_one_request
    method()
    ~~~~~~^^
  File "C:\Users\dgogela\AppData\Local\Programs\Python\Python313\Lib\http\server.py", line 679, in do_GET
    self.copyfile(f, self.wfile)
    ~~~~~~~~~~~~~^^^^^^^^^^^^^^^
  File "C:\Users\dgogela\AppData\Local\Programs\Python\Python313\Lib\http\server.py", line 878, in copyfile
    shutil.copyfileobj(source, outputfile)
    ~~~~~~~~~~~~~~~~~~^^^^^^^^^^^^^^^^^^^^
  File "C:\Users\dgogela\AppData\Local\Programs\Python\Python313\Lib\shutil.py", line 204, in copyfileobj
    fdst_write(buf)
    ~~~~~~~~~~^^^^^
  File "C:\Users\dgogela\AppData\Local\Programs\Python\Python313\Lib\socketserver.py", line 845, in write
    self._sock.sendall(b)
    ~~~~~~~~~~~~~~~~~~^^^
ConnectionResetError: [WinError 10054] Stávající připojení bylo vynuceně ukončeno vzdáleným hostitelem
----------------------------------------
----------------------------------------
Exception occurred during processing of request from ('127.0.0.1', 53290)
Traceback (most recent call last):
  File "C:\Users\dgogela\AppData\Local\Programs\Python\Python313\Lib\socketserver.py", line 697, in process_request_thread
    self.finish_request(request, client_address)
    ~~~~~~~~~~~~~~~~~~~^^^^^^^^^^^^^^^^^^^^^^^^^
  File "C:\Users\dgogela\AppData\Local\Programs\Python\Python313\Lib\socketserver.py", line 362, in finish_request
    self.RequestHandlerClass(request, client_address, self)
    ~~~~~~~~~~~~~~~~~~~~~~~~^^^^^^^^^^^^^^^^^^^^^^^^^^^^^^^
  File "C:\Users\dgogela\AppData\Local\Programs\Python\Python313\Lib\http\server.py", line 672, in __init__
    super().__init__(*args, **kwargs)
    ~~~~~~~~~~~~~~~~^^^^^^^^^^^^^^^^^
  File "C:\Users\dgogela\AppData\Local\Programs\Python\Python313\Lib\socketserver.py", line 766, in __init__
    self.handle()
    ~~~~~~~~~~~^^
  File "C:\Users\dgogela\AppData\Local\Programs\Python\Python313\Lib\http\server.py", line 436, in handle
    self.handle_one_request()
    ~~~~~~~~~~~~~~~~~~~~~~~^^
  File "C:\Users\dgogela\AppData\Local\Programs\Python\Python313\Lib\http\server.py", line 424, in handle_one_request
    method()
    ~~~~~~^^
  File "C:\Users\dgogela\AppData\Local\Programs\Python\Python313\Lib\http\server.py", line 679, in do_GET
    self.copyfile(f, self.wfile)
    ~~~~~~~~~~~~~^^^^^^^^^^^^^^^
  File "C:\Users\dgogela\AppData\Local\Programs\Python\Python313\Lib\http\server.py", line 878, in copyfile
    shutil.copyfileobj(source, outputfile)
    ~~~~~~~~~~~~~~~~~~^^^^^^^^^^^^^^^^^^^^
  File "C:\Users\dgogela\AppData\Local\Programs\Python\Python313\Lib\shutil.py", line 204, in copyfileobj
    fdst_write(buf)
    ~~~~~~~~~~^^^^^
  File "C:\Users\dgogela\AppData\Local\Programs\Python\Python313\Lib\socketserver.py", line 845, in write
    self._sock.sendall(b)
    ~~~~~~~~~~~~~~~~~~^^^
ConnectionResetError: [WinError 10054] Stávající připojení bylo vynuceně ukončeno vzdáleným hostitelem
----------------------------------------
